2020-04-21 15:29:33.508  INFO 8491 --- [restartedMain] l.chen.community.CommunityApplication    : Starting CommunityApplication on Chen.local with PID 8491 (/Users/chenol/community/target/classes started by chenol in /Users/chenol/community)
2020-04-21 15:29:33.510  INFO 8491 --- [restartedMain] l.chen.community.CommunityApplication    : No active profile set, falling back to default profiles: default
2020-04-21 15:29:33.647  INFO 8491 --- [restartedMain] .e.DevToolsPropertyDefaultsPostProcessor : Devtools property defaults active! Set 'spring.devtools.add-properties' to 'false' to disable
2020-04-21 15:29:33.648  INFO 8491 --- [restartedMain] .e.DevToolsPropertyDefaultsPostProcessor : For additional web related logging consider setting the 'logging.level.web' property to 'DEBUG'
2020-04-21 15:29:33.777  WARN 8491 --- [background-preinit] o.s.h.c.j.Jackson2ObjectMapperBuilder    : For Jackson Kotlin classes support please add "com.fasterxml.jackson.module:jackson-module-kotlin" to the classpath
2020-04-21 15:29:35.492  INFO 8491 --- [restartedMain] o.s.b.w.embedded.tomcat.TomcatWebServer  : Tomcat initialized with port(s): 8887 (http)
2020-04-21 15:29:35.506  INFO 8491 --- [restartedMain] o.apache.catalina.core.StandardService   : Starting service [Tomcat]
2020-04-21 15:29:35.507  INFO 8491 --- [restartedMain] org.apache.catalina.core.StandardEngine  : Starting Servlet engine: [Apache Tomcat/9.0.30]
2020-04-21 15:29:35.601  INFO 8491 --- [restartedMain] o.a.c.c.C.[Tomcat].[localhost].[/]       : Initializing Spring embedded WebApplicationContext
2020-04-21 15:29:35.602  INFO 8491 --- [restartedMain] o.s.web.context.ContextLoader            : Root WebApplicationContext: initialization completed in 1954 ms
2020-04-21 15:29:35.657  INFO 8491 --- [restartedMain] com.zaxxer.hikari.HikariDataSource       : HikariPool-1 - Starting...
2020-04-21 15:29:35.910  INFO 8491 --- [restartedMain] com.zaxxer.hikari.HikariDataSource       : HikariPool-1 - Start completed.
2020-04-21 15:29:35.920  INFO 8491 --- [restartedMain] o.s.b.a.h2.H2ConsoleAutoConfiguration    : H2 console available at '/h2-console'. Database available at 'jdbc:h2:~/community'
2020-04-21 15:29:36.736  INFO 8491 --- [restartedMain] o.s.s.concurrent.ThreadPoolTaskExecutor  : Initializing ExecutorService 'applicationTaskExecutor'
2020-04-21 15:29:36.814  INFO 8491 --- [restartedMain] o.s.b.a.w.s.WelcomePageHandlerMapping    : Adding welcome page template: index
2020-04-21 15:29:36.989  INFO 8491 --- [restartedMain] o.s.b.d.a.OptionalLiveReloadServer       : LiveReload server is running on port 35729
2020-04-21 15:29:37.049  INFO 8491 --- [restartedMain] o.s.b.w.embedded.tomcat.TomcatWebServer  : Tomcat started on port(s): 8887 (http) with context path ''
2020-04-21 15:29:37.053  INFO 8491 --- [restartedMain] l.chen.community.CommunityApplication    : Started CommunityApplication in 4.369 seconds (JVM running for 5.783)
2020-04-21 15:30:35.941  INFO 8491 --- [SpringContextShutdownHook] o.s.s.concurrent.ThreadPoolTaskExecutor  : Shutting down ExecutorService 'applicationTaskExecutor'
2020-04-21 15:30:35.943  INFO 8491 --- [SpringContextShutdownHook] com.zaxxer.hikari.HikariDataSource       : HikariPool-1 - Shutdown initiated...
2020-04-21 15:30:35.945  INFO 8491 --- [SpringContextShutdownHook] com.zaxxer.hikari.HikariDataSource       : HikariPool-1 - Shutdown completed.
2020-04-21 15:33:10.811  INFO 8620 --- [restartedMain] l.chen.community.CommunityApplication    : Starting CommunityApplication on Chen.local with PID 8620 (/Users/chenol/community/target/classes started by chenol in /Users/chenol/community)
2020-04-21 15:33:10.813  INFO 8620 --- [restartedMain] l.chen.community.CommunityApplication    : No active profile set, falling back to default profiles: default
2020-04-21 15:33:10.941  INFO 8620 --- [restartedMain] .e.DevToolsPropertyDefaultsPostProcessor : Devtools property defaults active! Set 'spring.devtools.add-properties' to 'false' to disable
2020-04-21 15:33:10.942  INFO 8620 --- [restartedMain] .e.DevToolsPropertyDefaultsPostProcessor : For additional web related logging consider setting the 'logging.level.web' property to 'DEBUG'
2020-04-21 15:33:10.976  WARN 8620 --- [background-preinit] o.s.h.c.j.Jackson2ObjectMapperBuilder    : For Jackson Kotlin classes support please add "com.fasterxml.jackson.module:jackson-module-kotlin" to the classpath
2020-04-21 15:33:12.284  INFO 8620 --- [restartedMain] o.s.b.w.embedded.tomcat.TomcatWebServer  : Tomcat initialized with port(s): 8887 (http)
2020-04-21 15:33:12.292  INFO 8620 --- [restartedMain] o.apache.catalina.core.StandardService   : Starting service [Tomcat]
2020-04-21 15:33:12.292  INFO 8620 --- [restartedMain] org.apache.catalina.core.StandardEngine  : Starting Servlet engine: [Apache Tomcat/9.0.30]
2020-04-21 15:33:12.356  INFO 8620 --- [restartedMain] o.a.c.c.C.[Tomcat].[localhost].[/]       : Initializing Spring embedded WebApplicationContext
2020-04-21 15:33:12.356  INFO 8620 --- [restartedMain] o.s.web.context.ContextLoader            : Root WebApplicationContext: initialization completed in 1413 ms
2020-04-21 15:33:12.397  INFO 8620 --- [restartedMain] com.zaxxer.hikari.HikariDataSource       : HikariPool-1 - Starting...
2020-04-21 15:33:12.536  INFO 8620 --- [restartedMain] com.zaxxer.hikari.HikariDataSource       : HikariPool-1 - Start completed.
2020-04-21 15:33:12.542  INFO 8620 --- [restartedMain] o.s.b.a.h2.H2ConsoleAutoConfiguration    : H2 console available at '/h2-console'. Database available at 'jdbc:h2:~/community'
2020-04-21 15:33:13.145  INFO 8620 --- [restartedMain] o.s.s.concurrent.ThreadPoolTaskExecutor  : Initializing ExecutorService 'applicationTaskExecutor'
2020-04-21 15:33:13.205  INFO 8620 --- [restartedMain] o.s.b.a.w.s.WelcomePageHandlerMapping    : Adding welcome page template: index
2020-04-21 15:33:13.353  INFO 8620 --- [restartedMain] o.s.b.d.a.OptionalLiveReloadServer       : LiveReload server is running on port 35729
2020-04-21 15:33:13.426  INFO 8620 --- [restartedMain] o.s.b.w.embedded.tomcat.TomcatWebServer  : Tomcat started on port(s): 8887 (http) with context path ''
2020-04-21 15:33:13.430  INFO 8620 --- [restartedMain] l.chen.community.CommunityApplication    : Started CommunityApplication in 3.288 seconds (JVM running for 4.327)
2020-04-21 15:33:20.003  INFO 8620 --- [http-nio-8887-exec-1] o.a.c.c.C.[Tomcat].[localhost].[/]       : Initializing Spring DispatcherServlet 'dispatcherServlet'
2020-04-21 15:33:20.003  INFO 8620 --- [http-nio-8887-exec-1] o.s.web.servlet.DispatcherServlet        : Initializing Servlet 'dispatcherServlet'
2020-04-21 15:33:20.013  INFO 8620 --- [http-nio-8887-exec-1] o.s.web.servlet.DispatcherServlet        : Completed initialization in 10 ms
2020-04-21 15:33:20.085 DEBUG 8620 --- [http-nio-8887-exec-1] l.c.c.mapper.UserMapper.selectByExample  : ==>  Preparing: select ID, ACCOUNT_ID, NAME, TOKEN, GMT_CREATE, GMT_MODIFIED, BIO, AVATAR_URL from USER WHERE ( TOKEN = ? ) 
2020-04-21 15:33:20.109 DEBUG 8620 --- [http-nio-8887-exec-1] l.c.c.mapper.UserMapper.selectByExample  : ==> Parameters: 1ded6a7a-3616-4810-8865-ffad6340d6f8(String)
2020-04-21 15:33:20.125 DEBUG 8620 --- [http-nio-8887-exec-1] l.c.c.mapper.UserMapper.selectByExample  : <==      Total: 1
2020-04-21 15:33:20.130 DEBUG 8620 --- [http-nio-8887-exec-1] l.c.c.m.N.countByExample                 : ==>  Preparing: select count(*) from NOTIFICATION WHERE ( RECEIVER = ? and STATUS = ? ) 
2020-04-21 15:33:20.132 DEBUG 8620 --- [http-nio-8887-exec-1] l.c.c.m.N.countByExample                 : ==> Parameters: 1(Long), 0(Integer)
2020-04-21 15:33:20.138 DEBUG 8620 --- [http-nio-8887-exec-1] l.c.c.m.N.countByExample                 : <==      Total: 1
2020-04-21 15:33:20.166 DEBUG 8620 --- [http-nio-8887-exec-1] l.c.c.m.QuestionExtMapper.countBySearch  : ==>  Preparing: select count(*) from QUESTION 
2020-04-21 15:33:20.167 DEBUG 8620 --- [http-nio-8887-exec-1] l.c.c.m.QuestionExtMapper.countBySearch  : ==> Parameters: 
2020-04-21 15:33:20.168 DEBUG 8620 --- [http-nio-8887-exec-1] l.c.c.m.QuestionExtMapper.countBySearch  : <==      Total: 1
2020-04-21 15:33:20.169 DEBUG 8620 --- [http-nio-8887-exec-1] l.c.c.m.Q.selectBySearch                 : ==>  Preparing: select * from QUESTION order by gmt_create desc limit ?,? 
2020-04-21 15:33:20.170 DEBUG 8620 --- [http-nio-8887-exec-1] l.c.c.m.Q.selectBySearch                 : ==> Parameters: 0(Integer), 5(Integer)
2020-04-21 15:33:20.175 DEBUG 8620 --- [http-nio-8887-exec-1] l.c.c.m.Q.selectBySearch                 : <==      Total: 5
2020-04-21 15:33:20.175 DEBUG 8620 --- [http-nio-8887-exec-1] l.c.c.m.UserMapper.selectByPrimaryKey    : ==>  Preparing: select ID, ACCOUNT_ID, NAME, TOKEN, GMT_CREATE, GMT_MODIFIED, BIO, AVATAR_URL from USER where ID = ? 
2020-04-21 15:33:20.176 DEBUG 8620 --- [http-nio-8887-exec-1] l.c.c.m.UserMapper.selectByPrimaryKey    : ==> Parameters: 1(Long)
2020-04-21 15:33:20.177 DEBUG 8620 --- [http-nio-8887-exec-1] l.c.c.m.UserMapper.selectByPrimaryKey    : <==      Total: 1
2020-04-21 15:33:20.183 DEBUG 8620 --- [http-nio-8887-exec-1] l.c.c.m.UserMapper.selectByPrimaryKey    : ==>  Preparing: select ID, ACCOUNT_ID, NAME, TOKEN, GMT_CREATE, GMT_MODIFIED, BIO, AVATAR_URL from USER where ID = ? 
2020-04-21 15:33:20.183 DEBUG 8620 --- [http-nio-8887-exec-1] l.c.c.m.UserMapper.selectByPrimaryKey    : ==> Parameters: 1(Long)
2020-04-21 15:33:20.185 DEBUG 8620 --- [http-nio-8887-exec-1] l.c.c.m.UserMapper.selectByPrimaryKey    : <==      Total: 1
2020-04-21 15:33:20.185 DEBUG 8620 --- [http-nio-8887-exec-1] l.c.c.m.UserMapper.selectByPrimaryKey    : ==>  Preparing: select ID, ACCOUNT_ID, NAME, TOKEN, GMT_CREATE, GMT_MODIFIED, BIO, AVATAR_URL from USER where ID = ? 
2020-04-21 15:33:20.185 DEBUG 8620 --- [http-nio-8887-exec-1] l.c.c.m.UserMapper.selectByPrimaryKey    : ==> Parameters: 1(Long)
2020-04-21 15:33:20.187 DEBUG 8620 --- [http-nio-8887-exec-1] l.c.c.m.UserMapper.selectByPrimaryKey    : <==      Total: 1
2020-04-21 15:33:20.188 DEBUG 8620 --- [http-nio-8887-exec-1] l.c.c.m.UserMapper.selectByPrimaryKey    : ==>  Preparing: select ID, ACCOUNT_ID, NAME, TOKEN, GMT_CREATE, GMT_MODIFIED, BIO, AVATAR_URL from USER where ID = ? 
2020-04-21 15:33:20.188 DEBUG 8620 --- [http-nio-8887-exec-1] l.c.c.m.UserMapper.selectByPrimaryKey    : ==> Parameters: 1(Long)
2020-04-21 15:33:20.189 DEBUG 8620 --- [http-nio-8887-exec-1] l.c.c.m.UserMapper.selectByPrimaryKey    : <==      Total: 1
2020-04-21 15:33:20.190 DEBUG 8620 --- [http-nio-8887-exec-1] l.c.c.m.UserMapper.selectByPrimaryKey    : ==>  Preparing: select ID, ACCOUNT_ID, NAME, TOKEN, GMT_CREATE, GMT_MODIFIED, BIO, AVATAR_URL from USER where ID = ? 
2020-04-21 15:33:20.191 DEBUG 8620 --- [http-nio-8887-exec-1] l.c.c.m.UserMapper.selectByPrimaryKey    : ==> Parameters: 1(Long)
2020-04-21 15:33:20.192 DEBUG 8620 --- [http-nio-8887-exec-1] l.c.c.m.UserMapper.selectByPrimaryKey    : <==      Total: 1
2020-04-21 15:33:20.744 DEBUG 8620 --- [http-nio-8887-exec-5] l.c.c.mapper.UserMapper.selectByExample  : ==>  Preparing: select ID, ACCOUNT_ID, NAME, TOKEN, GMT_CREATE, GMT_MODIFIED, BIO, AVATAR_URL from USER WHERE ( TOKEN = ? ) 
2020-04-21 15:33:20.744 DEBUG 8620 --- [http-nio-8887-exec-2] l.c.c.mapper.UserMapper.selectByExample  : ==>  Preparing: select ID, ACCOUNT_ID, NAME, TOKEN, GMT_CREATE, GMT_MODIFIED, BIO, AVATAR_URL from USER WHERE ( TOKEN = ? ) 
2020-04-21 15:33:20.744 DEBUG 8620 --- [http-nio-8887-exec-3] l.c.c.mapper.UserMapper.selectByExample  : ==>  Preparing: select ID, ACCOUNT_ID, NAME, TOKEN, GMT_CREATE, GMT_MODIFIED, BIO, AVATAR_URL from USER WHERE ( TOKEN = ? ) 
2020-04-21 15:33:20.744 DEBUG 8620 --- [http-nio-8887-exec-6] l.c.c.mapper.UserMapper.selectByExample  : ==>  Preparing: select ID, ACCOUNT_ID, NAME, TOKEN, GMT_CREATE, GMT_MODIFIED, BIO, AVATAR_URL from USER WHERE ( TOKEN = ? ) 
2020-04-21 15:33:20.744 DEBUG 8620 --- [http-nio-8887-exec-5] l.c.c.mapper.UserMapper.selectByExample  : ==> Parameters: 1ded6a7a-3616-4810-8865-ffad6340d6f8(String)
2020-04-21 15:33:20.745 DEBUG 8620 --- [http-nio-8887-exec-6] l.c.c.mapper.UserMapper.selectByExample  : ==> Parameters: 1ded6a7a-3616-4810-8865-ffad6340d6f8(String)
2020-04-21 15:33:20.745 DEBUG 8620 --- [http-nio-8887-exec-4] l.c.c.mapper.UserMapper.selectByExample  : ==>  Preparing: select ID, ACCOUNT_ID, NAME, TOKEN, GMT_CREATE, GMT_MODIFIED, BIO, AVATAR_URL from USER WHERE ( TOKEN = ? ) 
2020-04-21 15:33:20.745 DEBUG 8620 --- [http-nio-8887-exec-4] l.c.c.mapper.UserMapper.selectByExample  : ==> Parameters: 1ded6a7a-3616-4810-8865-ffad6340d6f8(String)
2020-04-21 15:33:20.745 DEBUG 8620 --- [http-nio-8887-exec-3] l.c.c.mapper.UserMapper.selectByExample  : ==> Parameters: 1ded6a7a-3616-4810-8865-ffad6340d6f8(String)
2020-04-21 15:33:20.745 DEBUG 8620 --- [http-nio-8887-exec-6] l.c.c.mapper.UserMapper.selectByExample  : <==      Total: 1
2020-04-21 15:33:20.746 DEBUG 8620 --- [http-nio-8887-exec-4] l.c.c.mapper.UserMapper.selectByExample  : <==      Total: 1
2020-04-21 15:33:20.746 DEBUG 8620 --- [http-nio-8887-exec-3] l.c.c.mapper.UserMapper.selectByExample  : <==      Total: 1
2020-04-21 15:33:20.746 DEBUG 8620 --- [http-nio-8887-exec-2] l.c.c.mapper.UserMapper.selectByExample  : ==> Parameters: 1ded6a7a-3616-4810-8865-ffad6340d6f8(String)
2020-04-21 15:33:20.746 DEBUG 8620 --- [http-nio-8887-exec-5] l.c.c.mapper.UserMapper.selectByExample  : <==      Total: 1
2020-04-21 15:33:20.749 DEBUG 8620 --- [http-nio-8887-exec-2] l.c.c.mapper.UserMapper.selectByExample  : <==      Total: 1
2020-04-21 15:33:20.750 DEBUG 8620 --- [http-nio-8887-exec-4] l.c.c.m.N.countByExample                 : ==>  Preparing: select count(*) from NOTIFICATION WHERE ( RECEIVER = ? and STATUS = ? ) 
2020-04-21 15:33:20.751 DEBUG 8620 --- [http-nio-8887-exec-2] l.c.c.m.N.countByExample                 : ==>  Preparing: select count(*) from NOTIFICATION WHERE ( RECEIVER = ? and STATUS = ? ) 
2020-04-21 15:33:20.751 DEBUG 8620 --- [http-nio-8887-exec-3] l.c.c.m.N.countByExample                 : ==>  Preparing: select count(*) from NOTIFICATION WHERE ( RECEIVER = ? and STATUS = ? ) 
2020-04-21 15:33:20.751 DEBUG 8620 --- [http-nio-8887-exec-4] l.c.c.m.N.countByExample                 : ==> Parameters: 1(Long), 0(Integer)
2020-04-21 15:33:20.750 DEBUG 8620 --- [http-nio-8887-exec-6] l.c.c.m.N.countByExample                 : ==>  Preparing: select count(*) from NOTIFICATION WHERE ( RECEIVER = ? and STATUS = ? ) 
2020-04-21 15:33:20.750 DEBUG 8620 --- [http-nio-8887-exec-5] l.c.c.m.N.countByExample                 : ==>  Preparing: select count(*) from NOTIFICATION WHERE ( RECEIVER = ? and STATUS = ? ) 
2020-04-21 15:33:20.752 DEBUG 8620 --- [http-nio-8887-exec-4] l.c.c.m.N.countByExample                 : <==      Total: 1
2020-04-21 15:33:20.752 DEBUG 8620 --- [http-nio-8887-exec-2] l.c.c.m.N.countByExample                 : ==> Parameters: 1(Long), 0(Integer)
2020-04-21 15:33:20.752 DEBUG 8620 --- [http-nio-8887-exec-6] l.c.c.m.N.countByExample                 : ==> Parameters: 1(Long), 0(Integer)
2020-04-21 15:33:20.753 DEBUG 8620 --- [http-nio-8887-exec-3] l.c.c.m.N.countByExample                 : ==> Parameters: 1(Long), 0(Integer)
2020-04-21 15:33:20.752 DEBUG 8620 --- [http-nio-8887-exec-5] l.c.c.m.N.countByExample                 : ==> Parameters: 1(Long), 0(Integer)
2020-04-21 15:33:20.758 DEBUG 8620 --- [http-nio-8887-exec-3] l.c.c.m.N.countByExample                 : <==      Total: 1
2020-04-21 15:33:20.759 DEBUG 8620 --- [http-nio-8887-exec-2] l.c.c.m.N.countByExample                 : <==      Total: 1
2020-04-21 15:33:20.758 DEBUG 8620 --- [http-nio-8887-exec-6] l.c.c.m.N.countByExample                 : <==      Total: 1
2020-04-21 15:33:20.758 DEBUG 8620 --- [http-nio-8887-exec-5] l.c.c.m.N.countByExample                 : <==      Total: 1
2020-04-21 15:33:20.887 DEBUG 8620 --- [http-nio-8887-exec-7] l.c.c.mapper.UserMapper.selectByExample  : ==>  Preparing: select ID, ACCOUNT_ID, NAME, TOKEN, GMT_CREATE, GMT_MODIFIED, BIO, AVATAR_URL from USER WHERE ( TOKEN = ? ) 
2020-04-21 15:33:20.889 DEBUG 8620 --- [http-nio-8887-exec-7] l.c.c.mapper.UserMapper.selectByExample  : ==> Parameters: 1ded6a7a-3616-4810-8865-ffad6340d6f8(String)
2020-04-21 15:33:20.890 DEBUG 8620 --- [http-nio-8887-exec-7] l.c.c.mapper.UserMapper.selectByExample  : <==      Total: 1
2020-04-21 15:33:20.892 DEBUG 8620 --- [http-nio-8887-exec-7] l.c.c.m.N.countByExample                 : ==>  Preparing: select count(*) from NOTIFICATION WHERE ( RECEIVER = ? and STATUS = ? ) 
2020-04-21 15:33:20.892 DEBUG 8620 --- [http-nio-8887-exec-7] l.c.c.m.N.countByExample                 : ==> Parameters: 1(Long), 0(Integer)
2020-04-21 15:33:20.893 DEBUG 8620 --- [http-nio-8887-exec-7] l.c.c.m.N.countByExample                 : <==      Total: 1
2020-04-21 15:33:37.371  INFO 8620 --- [SpringContextShutdownHook] o.s.s.concurrent.ThreadPoolTaskExecutor  : Shutting down ExecutorService 'applicationTaskExecutor'
2020-04-21 15:33:37.372  INFO 8620 --- [SpringContextShutdownHook] com.zaxxer.hikari.HikariDataSource       : HikariPool-1 - Shutdown initiated...
2020-04-21 15:33:37.377  INFO 8620 --- [SpringContextShutdownHook] com.zaxxer.hikari.HikariDataSource       : HikariPool-1 - Shutdown completed.
